[10:58:36] [main/WARN]: Ambiguity between arguments [teleport, location] and [teleport, destination] with inputs: [0.1 -0.5 .9, 0 0 0]
[10:58:37] [main/WARN]: Ambiguity between arguments [teleport, location] and [teleport, targets] with inputs: [0.1 -0.5 .9, 0 0 0]
[10:58:37] [main/WARN]: Ambiguity between arguments [teleport, targets] and [teleport, destination] with inputs: [Player, 0123, dd12be42-52a9-4a91-a8a1-11c01849e498]
[10:58:37] [main/WARN]: Ambiguity between arguments [teleport, targets, location] and [teleport, targets, destination] with inputs: [0.1 -0.5 .9, 0 0 0]
[10:58:37] [main/INFO]: Loaded 0 recipes
[10:58:37] [main/INFO]: Loaded 0 advancements
[10:58:37] [Server thread/INFO]: Starting minecraft server version 1.13
[10:58:37] [Server thread/INFO]: Loading properties
[10:58:37] [Server thread/INFO]: Default game type: SURVIVAL
[10:58:37] [Server thread/INFO]: Generating keypair
[10:58:37] [Server thread/INFO]: Starting Minecraft server on *:25565
[10:58:37] [Server thread/INFO]: Using default channel type
[10:58:38] [Server thread/INFO]: Preparing level "world"
[10:58:38] [Server thread/INFO]: Reloading ResourceManager: Default
[10:58:39] [Server thread/INFO]: Loaded 524 recipes
[10:58:40] [Server thread/INFO]: Loaded 571 advancements
[10:58:40] [Server thread/INFO]: Preparing start region for level 0
[10:58:41] [Server thread/INFO]: Preparing spawn area: 4%
[10:58:41] [Server thread/INFO]: Preparing spawn area: 8%
[10:58:41] [Server thread/INFO]: Preparing spawn area: 12%
[10:58:41] [Server thread/INFO]: Preparing spawn area: 16%
[10:58:41] [Server thread/INFO]: Preparing spawn area: 20%
[10:58:41] [Server thread/INFO]: Preparing spawn area: 24%
[10:58:41] [Server thread/INFO]: Preparing spawn area: 28%
[10:58:41] [Server thread/INFO]: Preparing spawn area: 32%
[10:58:41] [Server thread/INFO]: Preparing spawn area: 36%
[10:58:41] [Server thread/INFO]: Preparing spawn area: 40%
[10:58:41] [Server thread/INFO]: Preparing spawn area: 44%
[10:58:41] [Server thread/INFO]: Preparing spawn area: 48%
[10:58:42] [Server thread/INFO]: Preparing spawn area: 52%
[10:58:42] [Server thread/INFO]: Preparing spawn area: 56%
[10:58:42] [Server thread/INFO]: Preparing spawn area: 60%
[10:58:42] [Server thread/INFO]: Preparing spawn area: 64%
[10:58:42] [Server thread/INFO]: Preparing spawn area: 68%
[10:58:42] [Server thread/INFO]: Preparing spawn area: 72%
[10:58:42] [Server thread/INFO]: Preparing spawn area: 76%
[10:58:42] [Server thread/INFO]: Preparing spawn area: 80%
[10:58:42] [Server thread/INFO]: Preparing spawn area: 84%
[10:58:42] [Server thread/INFO]: Preparing spawn area: 88%
[10:58:42] [Server thread/INFO]: Preparing spawn area: 92%
[10:58:42] [Server thread/INFO]: Preparing spawn area: 96%
[10:58:42] [Server thread/INFO]: Preparing spawn area: 100%
[10:58:42] [Server thread/INFO]: Time elapsed: 2632 ms
[10:58:42] [Server thread/INFO]: Done (4.407s)! For help, type "help"
[11:25:59] [Server thread/INFO]: Stopping the server
[11:26:00] [Server thread/INFO]: Stopping server
[11:26:00] [Server thread/INFO]: Saving players
[11:26:00] [Server thread/INFO]: Saving worlds
[11:26:00] [Server thread/INFO]: Saving chunks for level 'world'/overworld
[11:26:00] [Server thread/INFO]: Saving chunks for level 'world'/the_nether
[11:26:00] [Server thread/INFO]: Saving chunks for level 'world'/the_end
[11:26:00] [Server Shutdown Thread/INFO]: Stopping server
[11:26:00] [Server Shutdown Thread/INFO]: Saving players
